#
# A fatal error has been detected by the Java Runtime Environment:
#
#  SIGBUS (0xa) at pc=0x00000001115874d2, pid=41618, tid=19203
#
# JRE version: Java(TM) SE Runtime Environment (8.0_45-b14) (build 1.8.0_45-b14)
# Java VM: Java HotSpot(TM) 64-Bit Server VM (25.45-b02 mixed mode bsd-amd64 compressed oops)
# Problematic frame:
# V  [libjvm.dylib+0x5874d2]
#
# Failed to write core dump. Core dumps have been disabled. To enable core dumping, try "ulimit -c unlimited" before starting Java again
#
# If you would like to submit a bug report, please visit:
#   http://bugreport.java.com/bugreport/crash.jsp
#

---------------  T H R E A D  ---------------

Current thread (0x00007fd71b83b000):  JavaThread "JDWP Transport Listener: dt_socket" daemon [_thread_in_vm, id=19203, stack(0x0000700000f47000,0x0000700001047000)]

siginfo: si_signo: 10 (SIGBUS), si_code: 2 (BUS_ADRERR), si_addr: 0x000070000011cff8

Registers:
RAX=0x000000076bdea280, RBX=0x00007fd71b4d7c10, RCX=0x00007fd71bc24b50, RDX=0x000000012f14c010
RSP=0x0000700001046130, RBP=0x0000700001046220, RSI=0x000070000011d000, RDI=0x0000700001046190
R8 =0x0000000000000000, R9 =0x00007fd71bab9800, R10=0x00000000ffffffff, R11=0xffffffff00000000
R12=0x000070000011cff0, R13=0x0000000000000000, R14=0x00007fd71b4d8210, R15=0x00007000010461c8
RIP=0x00000001115874d2, EFLAGS=0x0000000000010202, ERR=0x0000000000000004
  TRAPNO=0x000000000000000e

Top of Stack: (sp=0x0000700001046130)
0x0000700001046130:   0000700000219790 0000000111f70ccd
0x0000700001046140:   0000000111f6e5d0 0000000600000000
0x0000700001046150:   0000700000219820 00007000002197e0
0x0000700001046160:   0000700000219790 0000000111f70ccd
0x0000700001046170:   0000000111f6e5d0 0000000600000000
0x0000700001046180:   0000700000219820 00007000002197e0
0x0000700001046190:   0000700000219790 0000000111f70ccd
0x00007000010461a0:   0000000111f6e5d0 0000000600000000
0x00007000010461b0:   0000700000219820 00007000002197e0
0x00007000010461c0:   00007fd71bc24b50 0000700000219790
0x00007000010461d0:   0000000111f70ccd 0000000111f6e5d0
0x00007000010461e0:   0000000600000000 0000700000219820
0x00007000010461f0:   00007000002197e0 00007fd71ac36cd0
0x0000700001046200:   00000001117fa828 00007fd71b4d7c10
0x0000700001046210:   00007fd71b4d7c10 00007fd71c008000
0x0000700001046220:   00007000010462f0 0000000111375316
0x0000700001046230:   00000006c0000138 00000006c004d008
0x0000700001046240:   00007fd71b83b000 00000001c004d0d8
0x0000700001046250:   00000006c004d140 00000006c004d1a8
0x0000700001046260:   00000006c004d210 00000006c004d278
0x0000700001046270:   00000006c001b468 00000006c004d2e8
0x0000700001046280:   00000006c004d350 00000006c004d420
0x0000700001046290:   00000006c004d488 0000000000000c00
0x00007000010462a0:   00007fd71ae17dd0 00007fd71b4d7600
0x00007000010462b0:   00007fd71b4d8210 00007fd71b4df5e8
0x00007000010462c0:   00000000000083b0 00007fd71c008000
0x00007000010462d0:   00000001117fa828 00007fd71b4d7c10
0x00007000010462e0:   00007fd71b83b000 0000000000000001
0x00007000010462f0:   0000700001046980 00000001113762c4
0x0000700001046300:   00007fd71ac0c7c0 00007fd71ac36cd0
0x0000700001046310:   0000700001046360 00000001110a1ecd
0x0000700001046320:   00000006c0075278 00000006c004e6d8 

Instructions: (pc=0x00000001115874d2)
0x00000001115874b2:   48 8b 4b 30 48 89 8d 68 ff ff ff 48 8d bd 40 ff
0x00000001115874c2:   ff ff 48 89 c6 e8 8e a3 cb ff 4c 8d 7d a8 eb 79
0x00000001115874d2:   4d 8b 6c 24 08 31 f6 bf 20 00 00 00 e8 59 56 f3
0x00000001115874e2:   ff 48 85 c0 74 17 4c 89 28 48 c7 40 10 00 00 00 

Register to memory mapping:

RAX=0x000000076bdea280 is an oop
java.lang.NullPointerException 
 - klass: 'java/lang/NullPointerException'
RBX=0x00007fd71b4d7c10 is an unknown value
RCX=0x00007fd71bc24b50 is an unknown value
RDX=0x000000012f14c010 is an unknown value
RSP=0x0000700001046130 is pointing into the stack for thread: 0x00007fd71b83b000
RBP=0x0000700001046220 is pointing into the stack for thread: 0x00007fd71b83b000
RSI=0x000070000011d000 is pointing into the stack for thread: 0x00007fd71c008000
RDI=0x0000700001046190 is pointing into the stack for thread: 0x00007fd71b83b000
R8 =0x0000000000000000 is an unknown value
R9 =0x00007fd71bab9800 is an unknown value
R10=0x00000000ffffffff is an unknown value
R11=0xffffffff00000000 is an unknown value
R12=0x000070000011cff0 is pointing into the stack for thread: 0x00007fd71c008000
R13=0x0000000000000000 is an unknown value
R14=0x00007fd71b4d8210 is an unknown value
R15=0x00007000010461c8 is pointing into the stack for thread: 0x00007fd71b83b000


Stack: [0x0000700000f47000,0x0000700001047000],  sp=0x0000700001046130,  free space=1020k
Native frames: (J=compiled Java code, j=interpreted, Vv=VM code, C=native code)
V  [libjvm.dylib+0x5874d2]
V  [libjvm.dylib+0x375316]
V  [libjvm.dylib+0x3762c4]
V  [libjvm.dylib+0x372d97]
V  [libjvm.dylib+0x3485b5]
C  [libjdwp.dylib+0x8500]  ownedMonitors+0xe7
C  [libjdwp.dylib+0xe898]  debugLoop_run+0x1ce
C  [libjdwp.dylib+0x1f6ba]  attachThread+0x4d
V  [libjvm.dylib+0x38401c]
V  [libjvm.dylib+0x549acf]
V  [libjvm.dylib+0x54b1c0]
V  [libjvm.dylib+0x46ea7e]
C  [libsystem_pthread.dylib+0x39b1]  _pthread_body+0x83
C  [libsystem_pthread.dylib+0x392e]  _pthread_body+0x0
C  [libsystem_pthread.dylib+0x1385]  thread_start+0xd
C  0x0000000000000000


---------------  P R O C E S S  ---------------

Java Threads: ( => current thread )
  0x00007fd71b034800 JavaThread "Service Thread" daemon [_thread_blocked, id=22787, stack(0x000070000165c000,0x000070000175c000)]
  0x00007fd71b83d000 JavaThread "C1 CompilerThread3" daemon [_thread_blocked, id=22275, stack(0x0000700001559000,0x0000700001659000)]
  0x00007fd71b036000 JavaThread "C2 CompilerThread2" daemon [_thread_blocked, id=21763, stack(0x0000700001456000,0x0000700001556000)]
  0x00007fd71d804000 JavaThread "C2 CompilerThread1" daemon [_thread_blocked, id=21251, stack(0x0000700001353000,0x0000700001453000)]
  0x00007fd71b83e000 JavaThread "C2 CompilerThread0" daemon [_thread_blocked, id=20739, stack(0x0000700001250000,0x0000700001350000)]
  0x00007fd71b83c800 JavaThread "JDWP Command Reader" daemon [_thread_in_native, id=20227, stack(0x000070000114d000,0x000070000124d000)]
  0x00007fd71b83b800 JavaThread "JDWP Event Helper Thread" daemon [_thread_blocked, id=19715, stack(0x000070000104a000,0x000070000114a000)]
=>0x00007fd71b83b000 JavaThread "JDWP Transport Listener: dt_socket" daemon [_thread_in_vm, id=19203, stack(0x0000700000f47000,0x0000700001047000)]
  0x00007fd71c01f000 JavaThread "Signal Dispatcher" daemon [_thread_blocked, id=14863, stack(0x0000700000e44000,0x0000700000f44000)]
  0x00007fd71c813000 JavaThread "Finalizer" daemon [_thread_blocked, id=14339, stack(0x0000700000c3b000,0x0000700000d3b000)]
  0x00007fd71c801000 JavaThread "Reference Handler" daemon [_thread_blocked, id=13827, stack(0x0000700000b38000,0x0000700000c38000)]
  0x00007fd71c008000 JavaThread "main" [_thread_blocked, id=5891, stack(0x000070000011a000,0x000070000021a000)]

Other Threads:
  0x00007fd71b816000 VMThread [stack: 0x0000700000a35000,0x0000700000b35000] [id=13315]
  0x00007fd71b035800 WatcherThread [stack: 0x000070000175f000,0x000070000185f000] [id=23299]

VM state:not at safepoint (normal execution)

VM Mutex/Monitor currently owned by a thread: None

Heap:
 PSYoungGen      total 708096K, used 85403K [0x000000076ab00000, 0x00000007bbe00000, 0x00000007c0000000)
  eden space 697856K, 11% used [0x000000076ab00000,0x000000076f7e7fa8,0x0000000795480000)
  from space 10240K, 64% used [0x00000007baa00000,0x00000007bb07eef8,0x00000007bb400000)
  to   space 10240K, 0% used [0x00000007bb400000,0x00000007bb400000,0x00000007bbe00000)
 ParOldGen       total 117248K, used 39166K [0x00000006c0000000, 0x00000006c7280000, 0x000000076ab00000)
  object space 117248K, 33% used [0x00000006c0000000,0x00000006c263fa60,0x00000006c7280000)
 Metaspace       used 3891K, capacity 4604K, committed 4864K, reserved 1056768K
  class space    used 411K, capacity 428K, committed 512K, reserved 1048576K

Card table byte_map: [0x0000000121329000,0x0000000121b2a000] byte_map_base: 0x000000011dd29000

Marking Bits: (ParMarkBitMap*) 0x00000001118c27a0
 Begin Bits: [0x0000000122080000, 0x0000000126080000)
 End Bits:   [0x0000000126080000, 0x000000012a080000)

Polling page: 0x000000010ff76000

CodeCache: size=245760Kb used=3126Kb max_used=3144Kb free=242633Kb
 bounds [0x0000000111f69000, 0x0000000112289000, 0x0000000120f69000]
 total_blobs=726 nmethods=474 adapters=174
 compilation: enabled

Compilation events (10 events):
Event: 139.318 Thread 0x00007fd71d804000 nmethod 530 0x000000011226b6d0 code [0x000000011226bb60, 0x0000000112270820]
Event: 139.345 Thread 0x00007fd71b036000 nmethod 532 0x0000000112278390 code [0x0000000112278840, 0x000000011227cce0]
Event: 140.389 Thread 0x00007fd71b83e000  533       4       sun.util.locale.provider.LocaleProviderAdapter::getAdapter (171 bytes)
Event: 140.396 Thread 0x00007fd71b83e000 nmethod 533 0x00000001120c9290 code [0x00000001120c9480, 0x00000001120c9be8]
Event: 147.309 Thread 0x00007fd71d804000  534       4       java.text.DecimalFormat::expandAffix (188 bytes)
Event: 147.324 Thread 0x00007fd71d804000 nmethod 534 0x000000011223a690 code [0x000000011223a8c0, 0x000000011223bfa8]
Event: 148.328 Thread 0x00007fd71b83d000  535       1       java.lang.ref.Finalizer::access$000 (4 bytes)
Event: 148.328 Thread 0x00007fd71b83d000 nmethod 535 0x0000000112215390 code [0x00000001122154e0, 0x00000001122155d0]
Event: 153.596 Thread 0x00007fd71b036000  536       4       java.util.Scanner::makeSpace (133 bytes)
Event: 153.599 Thread 0x00007fd71b036000 nmethod 536 0x000000011223f190 code [0x000000011223f320, 0x000000011223f798]

GC Heap History (10 events):
Event: 157.413 GC heap before
{Heap before GC invocations=364 (full 3):
 PSYoungGen      total 722944K, used 721470K [0x000000076ab00000, 0x00000007bcf80000, 0x00000007c0000000)
  eden space 716288K, 99% used [0x000000076ab00000,0x0000000796521058,0x0000000796680000)
  from space 6656K, 98% used [0x00000007bc900000,0x00000007bcf6e910,0x00000007bcf80000)
  to   space 9728K, 0% used [0x00000007bbc80000,0x00000007bbc80000,0x00000007bc600000)
 ParOldGen       total 117248K, used 32441K [0x00000006c0000000, 0x00000006c7280000, 0x000000076ab00000)
  object space 117248K, 27% used [0x00000006c0000000,0x00000006c1fae490,0x00000006c7280000)
 Metaspace       used 3867K, capacity 4604K, committed 4864K, reserved 1056768K
  class space    used 409K, capacity 428K, committed 512K, reserved 1048576K
Event: 157.414 GC heap after
Heap after GC invocations=364 (full 3):
 PSYoungGen      total 691200K, used 6614K [0x000000076ab00000, 0x00000007bc980000, 0x00000007c0000000)
  eden space 684544K, 0% used [0x000000076ab00000,0x000000076ab00000,0x0000000794780000)
  from space 6656K, 99% used [0x00000007bbc80000,0x00000007bc2f5970,0x00000007bc300000)
  to   space 6656K, 0% used [0x00000007bc300000,0x00000007bc300000,0x00000007bc980000)
 ParOldGen       total 117248K, used 32505K [0x00000006c0000000, 0x00000006c7280000, 0x000000076ab00000)
  object space 117248K, 27% used [0x00000006c0000000,0x00000006c1fbe490,0x00000006c7280000)
 Metaspace       used 3867K, capacity 4604K, committed 4864K, reserved 1056768K
  class space    used 409K, capacity 428K, committed 512K, reserved 1048576K
}
Event: 157.574 GC heap before
{Heap before GC invocations=365 (full 3):
 PSYoungGen      total 691200K, used 686085K [0x000000076ab00000, 0x00000007bc980000, 0x00000007c0000000)
  eden space 684544K, 99% used [0x000000076ab00000,0x000000079428bc00,0x0000000794780000)
  from space 6656K, 99% used [0x00000007bbc80000,0x00000007bc2f5970,0x00000007bc300000)
  to   space 6656K, 0% used [0x00000007bc300000,0x00000007bc300000,0x00000007bc980000)
 ParOldGen       total 117248K, used 32505K [0x00000006c0000000, 0x00000006c7280000, 0x000000076ab00000)
  object space 117248K, 27% used [0x00000006c0000000,0x00000006c1fbe490,0x00000006c7280000)
 Metaspace       used 3867K, capacity 4604K, committed 4864K, reserved 1056768K
  class space    used 409K, capacity 428K, committed 512K, reserved 1048576K
Event: 157.576 GC heap after
Heap after GC invocations=365 (full 3):
 PSYoungGen      total 660992K, used 6642K [0x000000076ab00000, 0x00000007bc980000, 0x00000007c0000000)
  eden space 654336K, 0% used [0x000000076ab00000,0x000000076ab00000,0x0000000792a00000)
  from space 6656K, 99% used [0x00000007bc300000,0x00000007bc97cb00,0x00000007bc980000)
  to   space 9728K, 0% used [0x00000007bb680000,0x00000007bb680000,0x00000007bc000000)
 ParOldGen       total 117248K, used 32577K [0x00000006c0000000, 0x00000006c7280000, 0x000000076ab00000)
  object space 117248K, 27% used [0x00000006c0000000,0x00000006c1fd0490,0x00000006c7280000)
 Metaspace       used 3867K, capacity 4604K, committed 4864K, reserved 1056768K
  class space    used 409K, capacity 428K, committed 512K, reserved 1048576K
}
Event: 157.726 GC heap before
{Heap before GC invocations=366 (full 3):
 PSYoungGen      total 660992K, used 660978K [0x000000076ab00000, 0x00000007bc980000, 0x00000007c0000000)
  eden space 654336K, 100% used [0x000000076ab00000,0x0000000792a00000,0x0000000792a00000)
  from space 6656K, 99% used [0x00000007bc300000,0x00000007bc97cb00,0x00000007bc980000)
  to   space 9728K, 0% used [0x00000007bb680000,0x00000007bb680000,0x00000007bc000000)
 ParOldGen       total 117248K, used 32577K [0x00000006c0000000, 0x00000006c7280000, 0x000000076ab00000)
  object space 117248K, 27% used [0x00000006c0000000,0x00000006c1fd0490,0x00000006c7280000)
 Metaspace       used 3867K, capacity 4604K, committed 4864K, reserved 1056768K
  class space    used 409K, capacity 428K, committed 512K, reserved 1048576K
Event: 157.727 GC heap after
Heap after GC invocations=366 (full 3):
 PSYoungGen      total 632832K, used 6666K [0x000000076ab00000, 0x00000007bc380000, 0x00000007c0000000)
  eden space 625664K, 0% used [0x000000076ab00000,0x000000076ab00000,0x0000000790e00000)
  from space 7168K, 93% used [0x00000007bb680000,0x00000007bbd02a08,0x00000007bbd80000)
  to   space 6144K, 0% used [0x00000007bbd80000,0x00000007bbd80000,0x00000007bc380000)
 ParOldGen       total 117248K, used 32641K [0x00000006c0000000, 0x00000006c7280000, 0x000000076ab00000)
  object space 117248K, 27% used [0x00000006c0000000,0x00000006c1fe0490,0x00000006c7280000)
 Metaspace       used 3867K, capacity 4604K, committed 4864K, reserved 1056768K
  class space    used 409K, capacity 428K, committed 512K, reserved 1048576K
}
Event: 157.869 GC heap before
{Heap before GC invocations=367 (full 3):
 PSYoungGen      total 632832K, used 626443K [0x000000076ab00000, 0x00000007bc380000, 0x00000007c0000000)
  eden space 625664K, 99% used [0x000000076ab00000,0x00000007908404a8,0x0000000790e00000)
  from space 7168K, 93% used [0x00000007bb680000,0x00000007bbd02a08,0x00000007bbd80000)
  to   space 6144K, 0% used [0x00000007bbd80000,0x00000007bbd80000,0x00000007bc380000)
 ParOldGen       total 117248K, used 32641K [0x00000006c0000000, 0x00000006c7280000, 0x000000076ab00000)
  object space 117248K, 27% used [0x00000006c0000000,0x00000006c1fe0490,0x00000006c7280000)
 Metaspace       used 3867K, capacity 4604K, committed 4864K, reserved 1056768K
  class space    used 409K, capacity 428K, committed 512K, reserved 1048576K
Event: 157.873 GC heap after
Heap after GC invocations=367 (full 3):
 PSYoungGen      total 599040K, used 288K [0x000000076ab00000, 0x00000007bbe00000, 0x00000007c0000000)
  eden space 598528K, 0% used [0x000000076ab00000,0x000000076ab00000,0x000000078f380000)
  from space 512K, 56% used [0x00000007bbd80000,0x00000007bbdc8000,0x00000007bbe00000)
  to   space 10240K, 0% used [0x00000007baa00000,0x00000007baa00000,0x00000007bb400000)
 ParOldGen       total 117248K, used 39110K [0x00000006c0000000, 0x00000006c7280000, 0x000000076ab00000)
  object space 117248K, 33% used [0x00000006c0000000,0x00000006c2631a60,0x00000006c7280000)
 Metaspace       used 3867K, capacity 4604K, committed 4864K, reserved 1056768K
  class space    used 409K, capacity 428K, committed 512K, reserved 1048576K
}
Event: 158.025 GC heap before
{Heap before GC invocations=368 (full 3):
 PSYoungGen      total 599040K, used 596153K [0x000000076ab00000, 0x00000007bbe00000, 0x00000007c0000000)
  eden space 598528K, 99% used [0x000000076ab00000,0x000000078f0e67b0,0x000000078f380000)
  from space 512K, 56% used [0x00000007bbd80000,0x00000007bbdc8000,0x00000007bbe00000)
  to   space 10240K, 0% used [0x00000007baa00000,0x00000007baa00000,0x00000007bb400000)
 ParOldGen       total 117248K, used 39110K [0x00000006c0000000, 0x00000006c7280000, 0x000000076ab00000)
  object space 117248K, 33% used [0x00000006c0000000,0x00000006c2631a60,0x00000006c7280000)
 Metaspace       used 3867K, capacity 4604K, committed 4864K, reserved 1056768K
  class space    used 409K, capacity 428K, committed 512K, reserved 1048576K
Event: 158.029 GC heap after
Heap after GC invocations=368 (full 3):
 PSYoungGen      total 708096K, used 6651K [0x000000076ab00000, 0x00000007bbe00000, 0x00000007c0000000)
  eden space 697856K, 0% used [0x000000076ab00000,0x000000076ab00000,0x0000000795480000)
  from space 10240K, 64% used [0x00000007baa00000,0x00000007bb07eef8,0x00000007bb400000)
  to   space 10240K, 0% used [0x00000007bb400000,0x00000007bb400000,0x00000007bbe00000)
 ParOldGen       total 117248K, used 39166K [0x00000006c0000000, 0x00000006c7280000, 0x000000076ab00000)
  object space 117248K, 33% used [0x00000006c0000000,0x00000006c263fa60,0x00000006c7280000)
 Metaspace       used 3867K, capacity 4604K, committed 4864K, reserved 1056768K
  class space    used 409K, capacity 428K, committed 512K, reserved 1048576K
}

Deoptimization events (10 events):
Event: 84.325 Thread 0x00007fd71c008000 Uncommon trap: reason=class_check action=maybe_recompile pc=0x00000001120ede90 method=java.util.regex.Pattern$Curly.match0(Ljava/util/regex/Matcher;IILjava/lang/CharSequence;)Z @ 170
Event: 85.235 Thread 0x00007fd71c008000 Uncommon trap: reason=unstable_if action=reinterpret pc=0x00000001120c18a0 method=java.util.HashMap.getNode(ILjava/lang/Object;)Ljava/util/HashMap$Node; @ 62
Event: 85.264 Thread 0x00007fd71c008000 Uncommon trap: reason=unstable_if action=reinterpret pc=0x00000001120d34a8 method=java.util.HashMap.putVal(ILjava/lang/Object;Ljava/lang/Object;ZZ)Ljava/lang/Object; @ 181
Event: 85.264 Thread 0x00007fd71c008000 Uncommon trap: reason=unstable_if action=reinterpret pc=0x000000011215dc58 method=java.util.HashMap.getNode(ILjava/lang/Object;)Ljava/util/HashMap$Node; @ 129
Event: 86.005 Thread 0x00007fd71c008000 Uncommon trap: reason=class_check action=maybe_recompile pc=0x00000001120ede90 method=java.util.regex.Pattern$Curly.match0(Ljava/util/regex/Matcher;IILjava/lang/CharSequence;)Z @ 170
Event: 86.012 Thread 0x00007fd71c008000 Uncommon trap: reason=class_check action=maybe_recompile pc=0x00000001120ede90 method=java.util.regex.Pattern$Curly.match0(Ljava/util/regex/Matcher;IILjava/lang/CharSequence;)Z @ 170
Event: 86.060 Thread 0x00007fd71c008000 Uncommon trap: reason=class_check action=maybe_recompile pc=0x00000001120e4710 method=java.util.regex.Pattern$Curly.match0(Ljava/util/regex/Matcher;IILjava/lang/CharSequence;)Z @ 170
Event: 137.666 Thread 0x00007fd71c008000 Uncommon trap: reason=unstable_if action=reinterpret pc=0x00000001121debcc method=NBTrain.extractVocabularyAndTextAndTokenCount()V @ 626
Event: 137.667 Thread 0x00007fd71c008000 Uncommon trap: reason=unstable_if action=reinterpret pc=0x00000001120d3e38 method=java.lang.Enum.equals(Ljava/lang/Object;)Z @ 2
Event: 158.050 Thread 0x00007fd71c008000 Uncommon trap: reason=unstable_if action=reinterpret pc=0x00000001121b5394 method=java.util.HashMap.get(Ljava/lang/Object;)Ljava/lang/Object; @ 11

Internal exceptions (7 events):
Event: 0.051 Thread 0x00007fd71c008000 Exception <a 'java/lang/NoSuchMethodError': Method sun.misc.Unsafe.defineClass(Ljava/lang/String;[BII)Ljava/lang/Class; name or signature does not match> (0x000000076ab12db0) thrown at [/Users/java_re/workspace/8-2-build-macosx-x86_64/jdk8u45/3457/hotspot
Event: 0.051 Thread 0x00007fd71c008000 Exception <a 'java/lang/NoSuchMethodError': Method sun.misc.Unsafe.prefetchRead(Ljava/lang/Object;J)V name or signature does not match> (0x000000076ab13040) thrown at [/Users/java_re/workspace/8-2-build-macosx-x86_64/jdk8u45/3457/hotspot/src/share/vm/prim
Event: 83.375 Thread 0x00007fd71c008000 Exception <a 'java/security/PrivilegedActionException'> (0x000000076b0b1670) thrown at [/Users/java_re/workspace/8-2-build-macosx-x86_64/jdk8u45/3457/hotspot/src/share/vm/prims/jvm.cpp, line 1382]
Event: 83.375 Thread 0x00007fd71c008000 Exception <a 'java/security/PrivilegedActionException'> (0x000000076b0b19b8) thrown at [/Users/java_re/workspace/8-2-build-macosx-x86_64/jdk8u45/3457/hotspot/src/share/vm/prims/jvm.cpp, line 1382]
Event: 83.375 Thread 0x00007fd71c008000 Exception <a 'java/security/PrivilegedActionException'> (0x000000076b0b4d38) thrown at [/Users/java_re/workspace/8-2-build-macosx-x86_64/jdk8u45/3457/hotspot/src/share/vm/prims/jvm.cpp, line 1382]
Event: 83.375 Thread 0x00007fd71c008000 Exception <a 'java/security/PrivilegedActionException'> (0x000000076b0b5080) thrown at [/Users/java_re/workspace/8-2-build-macosx-x86_64/jdk8u45/3457/hotspot/src/share/vm/prims/jvm.cpp, line 1382]
Event: 158.050 Thread 0x00007fd71c008000 Implicit null exception at 0x00000001121b502f to 0x00000001121b5385

Events (10 events):
Event: 677.674 Executing VM operation: RedefineClasses
Event: 677.677 Executing VM operation: RedefineClasses done
Event: 677.681 Executing VM operation: EnterInterpOnlyMode
Event: 677.681 Executing VM operation: EnterInterpOnlyMode done
Event: 677.681 Executing VM operation: GetCurrentLocation
Event: 677.681 Executing VM operation: GetCurrentLocation done
Event: 677.681 Executing VM operation: ChangeSingleStep
Event: 677.681 Executing VM operation: ChangeSingleStep done
Event: 677.682 Executing VM operation: ChangeSingleStep
Event: 677.682 Executing VM operation: ChangeSingleStep done


Dynamic libraries:
0x00000000082bc000 	/System/Library/Frameworks/Cocoa.framework/Versions/A/Cocoa
0x00000000082bc000 	/System/Library/Frameworks/Security.framework/Versions/A/Security
0x00000000082bc000 	/System/Library/Frameworks/ApplicationServices.framework/Versions/A/ApplicationServices
0x00000000082bc000 	/usr/lib/libz.1.dylib
0x00000000082bc000 	/usr/lib/libSystem.B.dylib
0x00000000082bc000 	/usr/lib/libobjc.A.dylib
0x00000000082bc000 	/System/Library/Frameworks/CoreFoundation.framework/Versions/A/CoreFoundation
0x00000000082bc000 	/System/Library/Frameworks/Foundation.framework/Versions/C/Foundation
0x00000000082bc000 	/System/Library/Frameworks/AppKit.framework/Versions/C/AppKit
0x00000000082bc000 	/System/Library/Frameworks/CoreData.framework/Versions/A/CoreData
0x00000000082bc000 	/System/Library/PrivateFrameworks/RemoteViewServices.framework/Versions/A/RemoteViewServices
0x00000000082bc000 	/System/Library/PrivateFrameworks/UIFoundation.framework/Versions/A/UIFoundation
0x00000000082bc000 	/usr/lib/libScreenReader.dylib
0x00000000082bc000 	/System/Library/Frameworks/Accelerate.framework/Versions/A/Accelerate
0x00000000082bc000 	/System/Library/Frameworks/IOSurface.framework/Versions/A/IOSurface
0x00000000082bc000 	/System/Library/Frameworks/AudioToolbox.framework/Versions/A/AudioToolbox
0x00000000082bc000 	/System/Library/Frameworks/AudioUnit.framework/Versions/A/AudioUnit
0x00000000082bc000 	/System/Library/PrivateFrameworks/DataDetectorsCore.framework/Versions/A/DataDetectorsCore
0x00000000082bc000 	/System/Library/PrivateFrameworks/DesktopServicesPriv.framework/Versions/A/DesktopServicesPriv
0x00000000082bc000 	/System/Library/Frameworks/Carbon.framework/Versions/A/Frameworks/HIToolbox.framework/Versions/A/HIToolbox
0x00000000082bc000 	/System/Library/Frameworks/QuartzCore.framework/Versions/A/QuartzCore
0x00000000082bc000 	/System/Library/Frameworks/Carbon.framework/Versions/A/Frameworks/SpeechRecognition.framework/Versions/A/SpeechRecognition
0x00000000082bc000 	/usr/lib/libauto.dylib
0x00000000082bc000 	/usr/lib/libicucore.A.dylib
0x00000000082bc000 	/usr/lib/libxml2.2.dylib
0x00000000082bc000 	/System/Library/PrivateFrameworks/CoreUI.framework/Versions/A/CoreUI
0x00000000082bc000 	/System/Library/Frameworks/CoreAudio.framework/Versions/A/CoreAudio
0x00000000082bc000 	/System/Library/Frameworks/DiskArbitration.framework/Versions/A/DiskArbitration
0x00000000082bc000 	/usr/lib/liblangid.dylib
0x00000000082bc000 	/System/Library/PrivateFrameworks/MultitouchSupport.framework/Versions/A/MultitouchSupport
0x00000000082bc000 	/System/Library/Frameworks/IOKit.framework/Versions/A/IOKit
0x00000000082bc000 	/usr/lib/libDiagnosticMessagesClient.dylib
0x00000000082bc000 	/System/Library/Frameworks/CoreServices.framework/Versions/A/CoreServices
0x00000000082bc000 	/System/Library/PrivateFrameworks/PerformanceAnalysis.framework/Versions/A/PerformanceAnalysis
0x00000000082bc000 	/System/Library/PrivateFrameworks/GenerationalStorage.framework/Versions/A/GenerationalStorage
0x00000000082bc000 	/System/Library/Frameworks/OpenGL.framework/Versions/A/OpenGL
0x00000000082bc000 	/System/Library/PrivateFrameworks/Sharing.framework/Versions/A/Sharing
0x00000000082bc000 	/System/Library/Frameworks/CoreGraphics.framework/Versions/A/CoreGraphics
0x00000000082bc000 	/System/Library/Frameworks/CoreImage.framework/Versions/A/CoreImage
0x00000000082bc000 	/System/Library/Frameworks/CoreText.framework/Versions/A/CoreText
0x00000000082bc000 	/System/Library/Frameworks/ImageIO.framework/Versions/A/ImageIO
0x00000000082bc000 	/System/Library/PrivateFrameworks/Backup.framework/Versions/A/Backup
0x00000000082bc000 	/usr/lib/libextension.dylib
0x00000000082bc000 	/usr/lib/libarchive.2.dylib
0x00000000082bc000 	/System/Library/Frameworks/CFNetwork.framework/Versions/A/CFNetwork
0x00000000082bc000 	/System/Library/Frameworks/SystemConfiguration.framework/Versions/A/SystemConfiguration
0x00000000082bc000 	/usr/lib/libCRFSuite.dylib
0x00000000082bc000 	/usr/lib/libc++.1.dylib
0x00000000082bc000 	/usr/lib/libc++abi.dylib
0x00000000082bc000 	/usr/lib/system/libcache.dylib
0x00000000082bc000 	/usr/lib/system/libcommonCrypto.dylib
0x00000000082bc000 	/usr/lib/system/libcompiler_rt.dylib
0x00000000082bc000 	/usr/lib/system/libcopyfile.dylib
0x00000000082bc000 	/usr/lib/system/libcorecrypto.dylib
0x00000000082bc000 	/usr/lib/system/libdispatch.dylib
0x00000000082bc000 	/usr/lib/system/libdyld.dylib
0x00000000082bc000 	/usr/lib/system/libkeymgr.dylib
0x00000000082bc000 	/usr/lib/system/liblaunch.dylib
0x00000000082bc000 	/usr/lib/system/libmacho.dylib
0x00000000082bc000 	/usr/lib/system/libquarantine.dylib
0x00000000082bc000 	/usr/lib/system/libremovefile.dylib
0x00000000082bc000 	/usr/lib/system/libsystem_asl.dylib
0x00000000082bc000 	/usr/lib/system/libsystem_blocks.dylib
0x00000000082bc000 	/usr/lib/system/libsystem_c.dylib
0x00000000082bc000 	/usr/lib/system/libsystem_configuration.dylib
0x00000000082bc000 	/usr/lib/system/libsystem_coreservices.dylib
0x00000000082bc000 	/usr/lib/system/libsystem_coretls.dylib
0x00000000082bc000 	/usr/lib/system/libsystem_dnssd.dylib
0x00000000082bc000 	/usr/lib/system/libsystem_info.dylib
0x00000000082bc000 	/usr/lib/system/libsystem_kernel.dylib
0x00000000082bc000 	/usr/lib/system/libsystem_m.dylib
0x00000000082bc000 	/usr/lib/system/libsystem_malloc.dylib
0x00000000082bc000 	/usr/lib/system/libsystem_network.dylib
0x00000000082bc000 	/usr/lib/system/libsystem_networkextension.dylib
0x00000000082bc000 	/usr/lib/system/libsystem_notify.dylib
0x00000000082bc000 	/usr/lib/system/libsystem_platform.dylib
0x00000000082bc000 	/usr/lib/system/libsystem_pthread.dylib
0x00000000082bc000 	/usr/lib/system/libsystem_sandbox.dylib
0x00000000082bc000 	/usr/lib/system/libsystem_secinit.dylib
0x00000000082bc000 	/usr/lib/system/libsystem_trace.dylib
0x00000000082bc000 	/usr/lib/system/libunc.dylib
0x00000000082bc000 	/usr/lib/system/libunwind.dylib
0x00000000082bc000 	/usr/lib/system/libxpc.dylib
0x00000000082bc000 	/usr/lib/libenergytrace.dylib
0x00000000082bc000 	/usr/lib/libbsm.0.dylib
0x00000000082bc000 	/usr/lib/system/libkxld.dylib
0x00000000082bc000 	/usr/lib/libxar.1.dylib
0x00000000082bc000 	/usr/lib/libsqlite3.dylib
0x00000000082bc000 	/usr/lib/libpam.2.dylib
0x00000000082bc000 	/usr/lib/libOpenScriptingUtil.dylib
0x00000000082bc000 	/usr/lib/libbz2.1.0.dylib
0x00000000082bc000 	/usr/lib/liblzma.5.dylib
0x00000000082bc000 	/System/Library/Frameworks/CoreServices.framework/Versions/A/Frameworks/FSEvents.framework/Versions/A/FSEvents
0x00000000082bc000 	/System/Library/Frameworks/CoreServices.framework/Versions/A/Frameworks/CarbonCore.framework/Versions/A/CarbonCore
0x00000000082bc000 	/System/Library/Frameworks/CoreServices.framework/Versions/A/Frameworks/Metadata.framework/Versions/A/Metadata
0x00000000082bc000 	/System/Library/Frameworks/CoreServices.framework/Versions/A/Frameworks/OSServices.framework/Versions/A/OSServices
0x00000000082bc000 	/System/Library/Frameworks/CoreServices.framework/Versions/A/Frameworks/SearchKit.framework/Versions/A/SearchKit
0x00000000082bc000 	/System/Library/Frameworks/CoreServices.framework/Versions/A/Frameworks/AE.framework/Versions/A/AE
0x00000000082bc000 	/System/Library/Frameworks/CoreServices.framework/Versions/A/Frameworks/LaunchServices.framework/Versions/A/LaunchServices
0x00000000082bc000 	/System/Library/Frameworks/CoreServices.framework/Versions/A/Frameworks/DictionaryServices.framework/Versions/A/DictionaryServices
0x00000000082bc000 	/System/Library/Frameworks/CoreServices.framework/Versions/A/Frameworks/SharedFileList.framework/Versions/A/SharedFileList
0x00000000082bc000 	/System/Library/Frameworks/NetFS.framework/Versions/A/NetFS
0x00000000082bc000 	/System/Library/PrivateFrameworks/NetAuth.framework/Versions/A/NetAuth
0x00000000082bc000 	/System/Library/PrivateFrameworks/login.framework/Versions/A/Frameworks/loginsupport.framework/Versions/A/loginsupport
0x00000000082bc000 	/System/Library/PrivateFrameworks/TCC.framework/Versions/A/TCC
0x00000000082bc000 	/usr/lib/libmecabra.dylib
0x00000000082bc000 	/System/Library/Frameworks/ApplicationServices.framework/Versions/A/Frameworks/ATS.framework/Versions/A/ATS
0x00000000082bc000 	/System/Library/Frameworks/ApplicationServices.framework/Versions/A/Frameworks/ColorSync.framework/Versions/A/ColorSync
0x00000000082bc000 	/System/Library/Frameworks/ApplicationServices.framework/Versions/A/Frameworks/HIServices.framework/Versions/A/HIServices
0x00000000082bc000 	/System/Library/Frameworks/ApplicationServices.framework/Versions/A/Frameworks/LangAnalysis.framework/Versions/A/LangAnalysis
0x00000000082bc000 	/System/Library/Frameworks/ApplicationServices.framework/Versions/A/Frameworks/PrintCore.framework/Versions/A/PrintCore
0x00000000082bc000 	/System/Library/Frameworks/ApplicationServices.framework/Versions/A/Frameworks/QD.framework/Versions/A/QD
0x00000000082bc000 	/System/Library/Frameworks/ApplicationServices.framework/Versions/A/Frameworks/SpeechSynthesis.framework/Versions/A/SpeechSynthesis
0x00000000082bc000 	/System/Library/Frameworks/Metal.framework/Versions/A/Metal
0x00000000082bc000 	/System/Library/Frameworks/Accelerate.framework/Versions/A/Frameworks/vImage.framework/Versions/A/vImage
0x00000000082bc000 	/System/Library/Frameworks/Accelerate.framework/Versions/A/Frameworks/vecLib.framework/Versions/A/vecLib
0x00000000082bc000 	/System/Library/Frameworks/Accelerate.framework/Versions/A/Frameworks/vecLib.framework/Versions/A/libvDSP.dylib
0x00000000082bc000 	/System/Library/Frameworks/Accelerate.framework/Versions/A/Frameworks/vecLib.framework/Versions/A/libvMisc.dylib
0x00000000082bc000 	/System/Library/Frameworks/Accelerate.framework/Versions/A/Frameworks/vecLib.framework/Versions/A/libLAPACK.dylib
0x00000000082bc000 	/System/Library/Frameworks/Accelerate.framework/Versions/A/Frameworks/vecLib.framework/Versions/A/libBLAS.dylib
0x00000000082bc000 	/System/Library/Frameworks/Accelerate.framework/Versions/A/Frameworks/vecLib.framework/Versions/A/libLinearAlgebra.dylib
0x00000000082bc000 	/System/Library/Frameworks/Accelerate.framework/Versions/A/Frameworks/vecLib.framework/Versions/A/libSparseBLAS.dylib
0x00000000082bc000 	/System/Library/PrivateFrameworks/GPUCompiler.framework/libmetal_timestamp.dylib
0x00000000082bc000 	/System/Library/Frameworks/OpenGL.framework/Versions/A/Libraries/libCoreFSCache.dylib
0x00000000082bc000 	/System/Library/PrivateFrameworks/IOAccelerator.framework/Versions/A/IOAccelerator
0x00000000082bc000 	/System/Library/Frameworks/ApplicationServices.framework/Versions/A/Frameworks/ATS.framework/Versions/A/Resources/libFontParser.dylib
0x00000000082bc000 	/System/Library/Frameworks/ApplicationServices.framework/Versions/A/Frameworks/ATS.framework/Versions/A/Resources/libFontRegistry.dylib
0x00000000082bc000 	/System/Library/PrivateFrameworks/AppleVPA.framework/Versions/A/AppleVPA
0x00000000082bc000 	/System/Library/PrivateFrameworks/AppleJPEG.framework/Versions/A/AppleJPEG
0x00000000082bc000 	/System/Library/Frameworks/ImageIO.framework/Versions/A/Resources/libJPEG.dylib
0x00000000082bc000 	/System/Library/Frameworks/ImageIO.framework/Versions/A/Resources/libTIFF.dylib
0x00000000082bc000 	/System/Library/Frameworks/ImageIO.framework/Versions/A/Resources/libPng.dylib
0x00000000082bc000 	/System/Library/Frameworks/ImageIO.framework/Versions/A/Resources/libGIF.dylib
0x00000000082bc000 	/System/Library/Frameworks/ImageIO.framework/Versions/A/Resources/libJP2.dylib
0x00000000082bc000 	/System/Library/Frameworks/ImageIO.framework/Versions/A/Resources/libRadiance.dylib
0x00000000082bc000 	/System/Library/Frameworks/CoreVideo.framework/Versions/A/CoreVideo
0x00000000082bc000 	/System/Library/Frameworks/OpenGL.framework/Versions/A/Libraries/libGLU.dylib
0x00000000082bc000 	/System/Library/Frameworks/OpenGL.framework/Versions/A/Libraries/libGFXShared.dylib
0x00000000082bc000 	/System/Library/Frameworks/OpenGL.framework/Versions/A/Libraries/libGL.dylib
0x00000000082bc000 	/System/Library/Frameworks/OpenGL.framework/Versions/A/Libraries/libGLImage.dylib
0x00000000082bc000 	/System/Library/Frameworks/OpenGL.framework/Versions/A/Libraries/libCVMSPluginSupport.dylib
0x00000000082bc000 	/System/Library/Frameworks/OpenGL.framework/Versions/A/Libraries/libCoreVMClient.dylib
0x00000000082bc000 	/usr/lib/libcups.2.dylib
0x00000000082bc000 	/System/Library/Frameworks/Kerberos.framework/Versions/A/Kerberos
0x00000000082bc000 	/System/Library/Frameworks/GSS.framework/Versions/A/GSS
0x00000000082bc000 	/usr/lib/libresolv.9.dylib
0x00000000082bc000 	/usr/lib/libiconv.2.dylib
0x00000000082bc000 	/System/Library/PrivateFrameworks/Heimdal.framework/Versions/A/Heimdal
0x00000000082bc000 	/usr/lib/libheimdal-asn1.dylib
0x00000000082bc000 	/System/Library/Frameworks/OpenDirectory.framework/Versions/A/OpenDirectory
0x00000000082bc000 	/System/Library/PrivateFrameworks/CommonAuth.framework/Versions/A/CommonAuth
0x00000000082bc000 	/System/Library/Frameworks/OpenDirectory.framework/Versions/A/Frameworks/CFOpenDirectory.framework/Versions/A/CFOpenDirectory
0x00000000082bc000 	/System/Library/Frameworks/SecurityFoundation.framework/Versions/A/SecurityFoundation
0x00000000082bc000 	/System/Library/PrivateFrameworks/LanguageModeling.framework/Versions/A/LanguageModeling
0x00000000082bc000 	/usr/lib/libmarisa.dylib
0x00000000082bc000 	/usr/lib/libChineseTokenizer.dylib
0x00000000082bc000 	/usr/lib/libcmph.dylib
0x00000000082bc000 	/usr/lib/libcompression.dylib
0x00000000082bc000 	/System/Library/Frameworks/ServiceManagement.framework/Versions/A/ServiceManagement
0x00000000082bc000 	/usr/lib/libxslt.1.dylib
0x00000000082bc000 	/System/Library/Frameworks/Carbon.framework/Versions/A/Frameworks/Ink.framework/Versions/A/Ink
0x00000000082bc000 	/usr/lib/libFosl_dynamic.dylib
0x00000000082bc000 	/System/Library/PrivateFrameworks/FaceCore.framework/Versions/A/FaceCore
0x00000000082bc000 	/System/Library/Frameworks/OpenCL.framework/Versions/A/OpenCL
0x00000000082bc000 	/System/Library/PrivateFrameworks/CrashReporterSupport.framework/Versions/A/CrashReporterSupport
0x00000000082bc000 	/System/Library/PrivateFrameworks/IconServices.framework/Versions/A/IconServices
0x00000000082bc000 	/System/Library/PrivateFrameworks/Apple80211.framework/Versions/A/Apple80211
0x00000000082bc000 	/System/Library/Frameworks/CoreWLAN.framework/Versions/A/CoreWLAN
0x00000000082bc000 	/System/Library/Frameworks/IOBluetooth.framework/Versions/A/IOBluetooth
0x00000000082bc000 	/System/Library/PrivateFrameworks/CoreWiFi.framework/Versions/A/CoreWiFi
0x00000000082bc000 	/System/Library/Frameworks/CoreBluetooth.framework/Versions/A/CoreBluetooth
0x00000000082bc000 	/System/Library/PrivateFrameworks/ChunkingLibrary.framework/Versions/A/ChunkingLibrary
0x00000000082bc000 	/System/Library/PrivateFrameworks/DebugSymbols.framework/Versions/A/DebugSymbols
0x00000000082bc000 	/System/Library/PrivateFrameworks/CoreSymbolication.framework/Versions/A/CoreSymbolication
0x00000000082bc000 	/System/Library/PrivateFrameworks/Symbolication.framework/Versions/A/Symbolication
0x00000000082bc000 	/System/Library/PrivateFrameworks/SpeechRecognitionCore.framework/Versions/A/SpeechRecognitionCore
0x0000000111000000 	/Library/Java/JavaVirtualMachines/jdk1.8.0_45.jdk/Contents/Home/jre/lib/server/libjvm.dylib
0x000000010fe7c000 	/usr/lib/libstdc++.6.dylib
0x000000010ff33000 	/Library/Java/JavaVirtualMachines/jdk1.8.0_45.jdk/Contents/Home/jre/lib/libverify.dylib
0x000000010ff41000 	/Library/Java/JavaVirtualMachines/jdk1.8.0_45.jdk/Contents/Home/jre/lib/libjava.dylib
0x000000010ff77000 	/Library/Java/JavaVirtualMachines/jdk1.8.0_45.jdk/Contents/Home/jre/lib/libjdwp.dylib
0x000000010ffc2000 	/Library/Java/JavaVirtualMachines/jdk1.8.0_45.jdk/Contents/Home/jre/lib/libnpt.dylib
0x000000010ffcf000 	/Library/Java/JavaVirtualMachines/jdk1.8.0_45.jdk/Contents/Home/jre/lib/libzip.dylib
0x000000012cff7000 	/System/Library/Frameworks/JavaVM.framework/Frameworks/JavaRuntimeSupport.framework/JavaRuntimeSupport
0x000000012d012000 	/System/Library/Frameworks/JavaVM.framework/Versions/A/Frameworks/JavaNativeFoundation.framework/Versions/A/JavaNativeFoundation
0x000000012d027000 	/System/Library/Frameworks/JavaVM.framework/Versions/A/JavaVM
0x00000000082bc000 	/System/Library/Frameworks/Carbon.framework/Versions/A/Carbon
0x000000012d034000 	/System/Library/PrivateFrameworks/JavaLaunching.framework/Versions/A/JavaLaunching
0x00000000082bc000 	/System/Library/Frameworks/Carbon.framework/Versions/A/Frameworks/CommonPanels.framework/Versions/A/CommonPanels
0x00000000082bc000 	/System/Library/Frameworks/Carbon.framework/Versions/A/Frameworks/Help.framework/Versions/A/Help
0x00000000082bc000 	/System/Library/Frameworks/Carbon.framework/Versions/A/Frameworks/ImageCapture.framework/Versions/A/ImageCapture
0x00000000082bc000 	/System/Library/Frameworks/Carbon.framework/Versions/A/Frameworks/OpenScripting.framework/Versions/A/OpenScripting
0x00000000082bc000 	/System/Library/Frameworks/Carbon.framework/Versions/A/Frameworks/Print.framework/Versions/A/Print
0x00000000082bc000 	/System/Library/Frameworks/Carbon.framework/Versions/A/Frameworks/SecurityHI.framework/Versions/A/SecurityHI
0x000000012e955000 	/Library/Java/JavaVirtualMachines/jdk1.8.0_45.jdk/Contents/Home/jre/lib/libdt_socket.dylib
0x000000012e95e000 	/Library/Java/JavaVirtualMachines/jdk1.8.0_45.jdk/Contents/Home/jre/lib/libnet.dylib
0x000000012e9bd000 	/Library/Java/JavaVirtualMachines/jdk1.8.0_45.jdk/Contents/Home/jre/lib/libnio.dylib

VM Arguments:
jvm_args: -agentlib:jdwp=transport=dt_socket,suspend=y,address=localhost:64797 -Dfile.encoding=UTF-8 
java_command: NBTest
java_class_path (initial): /Users/Anantha/Documents/workspace/IR_HW6/bin
Launcher Type: SUN_STANDARD

Environment Variables:
PATH=/usr/bin:/bin:/usr/sbin:/sbin
SHELL=/bin/bash

Signal Handlers:
SIGSEGV: [libjvm.dylib+0x58ef95], sa_mask[0]=11111111011111110111111111111111, sa_flags=SA_ONSTACK|SA_RESTART|SA_SIGINFO
SIGBUS: [libjvm.dylib+0x58ef95], sa_mask[0]=11111111011111110111111111111111, sa_flags=SA_RESTART|SA_SIGINFO
SIGFPE: [libjvm.dylib+0x46c108], sa_mask[0]=11111111011111110111111111111111, sa_flags=SA_RESTART|SA_SIGINFO
SIGPIPE: [libjvm.dylib+0x46c108], sa_mask[0]=11111111011111110111111111111111, sa_flags=SA_RESTART|SA_SIGINFO
SIGXFSZ: [libjvm.dylib+0x46c108], sa_mask[0]=11111111011111110111111111111111, sa_flags=SA_RESTART|SA_SIGINFO
SIGILL: [libjvm.dylib+0x46c108], sa_mask[0]=11111111011111110111111111111111, sa_flags=SA_RESTART|SA_SIGINFO
SIGUSR1: SIG_DFL, sa_mask[0]=00000000000000000000000000000000, sa_flags=none
SIGUSR2: [libjvm.dylib+0x46bc26], sa_mask[0]=00100000000000000000000000000000, sa_flags=SA_RESTART|SA_SIGINFO
SIGHUP: [libjvm.dylib+0x46a1f9], sa_mask[0]=11111111011111110111111111111111, sa_flags=SA_RESTART|SA_SIGINFO
SIGINT: [libjvm.dylib+0x46a1f9], sa_mask[0]=11111111011111110111111111111111, sa_flags=SA_RESTART|SA_SIGINFO
SIGTERM: [libjvm.dylib+0x46a1f9], sa_mask[0]=11111111011111110111111111111111, sa_flags=SA_RESTART|SA_SIGINFO
SIGQUIT: [libjvm.dylib+0x46a1f9], sa_mask[0]=11111111011111110111111111111111, sa_flags=SA_RESTART|SA_SIGINFO


---------------  S Y S T E M  ---------------

OS:Bsduname:Darwin 15.0.0 Darwin Kernel Version 15.0.0: Sat Sep 19 15:53:46 PDT 2015; root:xnu-3247.10.11~1/RELEASE_X86_64 x86_64
rlimit: STACK 8192k, CORE 0k, NPROC 709, NOFILE 10240, AS infinity
load average:3.16 2.49 2.23

CPU:total 8 (4 cores per cpu, 2 threads per core) family 6 model 70 stepping 1, cmov, cx8, fxsr, mmx, sse, sse2, sse3, ssse3, sse4.1, sse4.2, popcnt, avx, avx2, aes, clmul, erms, lzcnt, ht, tsc, tscinvbit, bmi1, bmi2

Memory: 4k page, physical 16777216k(512120k free)

/proc/meminfo:


vm_info: Java HotSpot(TM) 64-Bit Server VM (25.45-b02) for bsd-amd64 JRE (1.8.0_45-b14), built on Apr 10 2015 10:46:38 by "java_re" with gcc 4.2.1 (Based on Apple Inc. build 5658) (LLVM build 2336.11.00)

time: Wed Dec  9 00:04:32 2015
elapsed time: 677 seconds (0d 0h 11m 17s)

